Arguments: 
  /usr/bin/node /usr/bin/yarn add --dev ts-jest @types/jest

PATH: 
  /usr/local/sbin:/usr/local/bin:/usr/sbin:/usr/bin:/sbin:/bin:/usr/games:/usr/local/games:/snap/bin

Yarn version: 
  1.13.0

Node version: 
  10.15.3

Platform: 
  linux x64

Trace: 
  Error: ENOENT: no such file or directory, lstat '/home/ofri/Desktop/repos/unit-test-infra/node_modules/json5/CHANGELOG.md'

npm manifest: 
  {
    "name": "unit-test-infra",
    "version": "1.0.0",
    "main": "index.js",
    "license": "MIT"
  }

yarn manifest: 
  No manifest

Lockfile: 
  No lockfile
